生成启动时间为 2022/6/8 12:05:41。
     1>项目“E:\数据结构\数据结构\链表（简单）\链表（简单）\链表（简单）.vcxproj”在节点 2 上(build 个目标)。
     1>PrepareForBuild:
         正在创建目录“E:\数据结构\数据结构\链表（简单）\Debug\”。
       InitializeBuildStatus:
         正在创建“Debug\链表（简单）.unsuccessfulbuild”，因为已指定“AlwaysCreate”。
       ClCompile:
         C:\Program Files (x86)\Microsoft Visual Studio 10.0\VC\bin\CL.exe /c /ZI /nologo /W3 /WX- /Od /Oy- /D _UNICODE /D UNICODE /Gm /EHsc /RTC1 /MDd /GS /fp:precise /Zc:wchar_t /Zc:forScope /Fo"Debug\\" /Fd"Debug\vc100.pdb" /Gd /TC /analyze- /errorReport:prompt "链表.c"
         链表.c
     1>e:\数据结构\数据结构\链表（简单）\链表（简单）\链表.c(6): error C2065: “NULL”: 未声明的标识符
     1>e:\数据结构\数据结构\链表（简单）\链表（简单）\链表.c(6): warning C4047: “初始化”:“ListNode *”与“int”的间接级别不同
     1>e:\数据结构\数据结构\链表（简单）\链表（简单）\链表.c(13): error C2037: “val”的左侧部分指定未定义的结构/联合“ListNode”
     1>e:\数据结构\数据结构\链表（简单）\链表（简单）\链表.c(16): error C2037: “next”的左侧部分指定未定义的结构/联合“ListNode”
     1>e:\数据结构\数据结构\链表（简单）\链表（简单）\链表.c(19): error C2065: “NULL”: 未声明的标识符
     1>e:\数据结构\数据结构\链表（简单）\链表（简单）\链表.c(19): warning C4047: “==”:“ListNode *”与“int”的间接级别不同
     1>e:\数据结构\数据结构\链表（简单）\链表（简单）\链表.c(21): warning C4013: “free”未定义；假设外部返回 int
     1>e:\数据结构\数据结构\链表（简单）\链表（简单）\链表.c(28): error C2037: “next”的左侧部分指定未定义的结构/联合“ListNode”
     1>e:\数据结构\数据结构\链表（简单）\链表（简单）\链表.c(36): error C2037: “next”的左侧部分指定未定义的结构/联合“ListNode”
     1>已完成生成项目“E:\数据结构\数据结构\链表（简单）\链表（简单）\链表（简单）.vcxproj”(build 个目标)的操作 - 失败。

生成失败。

已用时间 00:00:00.88
