生成启动时间为 2022/6/20 15:58:39。
     1>项目“E:\数据结构\数据结构\HELLO\HELLO\HELLO.vcxproj”在节点 2 上(build 个目标)。
     1>InitializeBuildStatus:
         正在创建“Debug\HELLO.unsuccessfulbuild”，因为已指定“AlwaysCreate”。
       ClCompile:
         C:\Program Files (x86)\Microsoft Visual Studio 10.0\VC\bin\CL.exe /c /ZI /nologo /W3 /WX- /Od /Oy- /D _MBCS /Gm /EHsc /RTC1 /MDd /GS /fp:precise /Zc:wchar_t /Zc:forScope /Fo"Debug\\" /Fd"Debug\vc100.pdb" /Gd /TP /analyze- /errorReport:prompt HELLO.cpp
         HELLO.cpp
     1>e:\数据结构\数据结构\hello\hello\hello.cpp(154): warning C4172: 返回局部变量或临时变量的地址
       Link:
         C:\Program Files (x86)\Microsoft Visual Studio 10.0\VC\bin\link.exe /ERRORREPORT:PROMPT /OUT:"E:\数据结构\数据结构\HELLO\Debug\HELLO.exe" /NOLOGO kernel32.lib user32.lib gdi32.lib winspool.lib comdlg32.lib advapi32.lib shell32.lib ole32.lib oleaut32.lib uuid.lib odbc32.lib odbccp32.lib /MANIFEST /ManifestFile:"Debug\HELLO.exe.intermediate.manifest" /MANIFESTUAC:"level='asInvoker' uiAccess='false'" /DEBUG /PDB:"E:\数据结构\数据结构\HELLO\Debug\HELLO.pdb" /SUBSYSTEM:CONSOLE /TLBID:1 /DYNAMICBASE /NXCOMPAT /IMPLIB:"E:\数据结构\数据结构\HELLO\Debug\HELLO.lib" /MACHINE:X86 Debug\HELLO.obj
         LINK : 没有找到 E:\数据结构\数据结构\HELLO\Debug\HELLO.exe 或上一个增量链接没有生成它；正在执行完全链接
         HELLO.vcxproj -> E:\数据结构\数据结构\HELLO\Debug\HELLO.exe
       Manifest:
         C:\Program Files (x86)\Microsoft SDKs\Windows\v7.0A\bin\mt.exe /nologo /verbose /outputresource:"E:\数据结构\数据结构\HELLO\Debug\HELLO.exe;#1" /manifest Debug\HELLO.exe.intermediate.manifest
       FinalizeBuildStatus:
         正在删除文件“Debug\HELLO.unsuccessfulbuild”。
         正在对“Debug\HELLO.lastbuildstate”执行 Touch 任务。
     1>已完成生成项目“E:\数据结构\数据结构\HELLO\HELLO\HELLO.vcxproj”(build 个目标)的操作。

生成成功。

已用时间 00:00:02.90
